<?xml version="1.0" encoding="UTF-8"?>
<testng-results skipped="0" failed="0" total="1" passed="1">
  <reporter-output>
    <line>
      <![CDATA[<div "featureFile">Feature File: src&#x2F;test&#x2F;resources&#x2F;features&#x2F;Download.feature</div>]]>
    </line>
    <line>
      <![CDATA[<div "feature">Feature: Download section</div>]]>
    </line>
    <line>
      <![CDATA[<div "scenario">Scenario: Java binding download link check</div>]]>
    </line>
    <line>
      <![CDATA[<div "result">Given  I am on the Selenium homepage (passed : 1s)</div>]]>
    </line>
    <line>
      <![CDATA[<div "result">When  I click &quot;Download&quot; tab (passed : 0s)</div>]]>
    </line>
    <line>
      <![CDATA[<div "result">Then  I should see &quot;Java&quot; download link on Download page (passed : 0s)</div>]]>
    </line>
    <line>
      <![CDATA[<div "result">And  I should see &quot;C#&quot; download link on Download page (passed : 0s)</div>]]>
    </line>
    <line>
      <![CDATA[<div "result">And  I should see &quot;Ruby&quot; download link on Download page (passed : 0s)</div>]]>
    </line>
    <line>
      <![CDATA[<div "result">And  I should see &quot;Python&quot; download link on Download page (passed : 0s)</div>]]>
    </line>
    <line>
      <![CDATA[<div "result">And  I should see &quot;Javascript (Node)&quot; download link on Download page (passed : 0s)</div>]]>
    </line>
  </reporter-output>
  <suite name="Test runner" duration-ms="8255" started-at="2016-10-20T17:34:43Z" finished-at="2016-10-20T17:34:51Z">
    <groups>
      <group name="cucumber">
        <method signature="AbstractTestNGCucumberTests.run_cukes()[pri:0, instance:uk.co.automatictester.jwebfwk.runners.DownloadFeatureRunner@3796751b]" name="run_cukes" class="cucumber.api.testng.AbstractTestNGCucumberTests"/>
      </group> <!-- cucumber -->
    </groups>
    <test name="Package with subpackages" duration-ms="8255" started-at="2016-10-20T17:34:43Z" finished-at="2016-10-20T17:34:51Z">
      <class name="uk.co.automatictester.jwebfwk.runners.DownloadFeatureRunner">
        <test-method status="PASS" signature="run_cukes()[pri:0, instance:uk.co.automatictester.jwebfwk.runners.DownloadFeatureRunner@3796751b]" name="run_cukes" duration-ms="8213" started-at="2016-10-20T13:34:43Z" description="Runs Cucumber Features" finished-at="2016-10-20T13:34:51Z">
          <reporter-output>
            <line>
              <![CDATA[<div "featureFile">Feature File: src&#x2F;test&#x2F;resources&#x2F;features&#x2F;Download.feature</div>]]>
            </line>
            <line>
              <![CDATA[<div "feature">Feature: Download section</div>]]>
            </line>
            <line>
              <![CDATA[<div "scenario">Scenario: Java binding download link check</div>]]>
            </line>
            <line>
              <![CDATA[<div "result">Given  I am on the Selenium homepage (passed : 1s)</div>]]>
            </line>
            <line>
              <![CDATA[<div "result">When  I click &quot;Download&quot; tab (passed : 0s)</div>]]>
            </line>
            <line>
              <![CDATA[<div "result">Then  I should see &quot;Java&quot; download link on Download page (passed : 0s)</div>]]>
            </line>
            <line>
              <![CDATA[<div "result">And  I should see &quot;C#&quot; download link on Download page (passed : 0s)</div>]]>
            </line>
            <line>
              <![CDATA[<div "result">And  I should see &quot;Ruby&quot; download link on Download page (passed : 0s)</div>]]>
            </line>
            <line>
              <![CDATA[<div "result">And  I should see &quot;Python&quot; download link on Download page (passed : 0s)</div>]]>
            </line>
            <line>
              <![CDATA[<div "result">And  I should see &quot;Javascript (Node)&quot; download link on Download page (passed : 0s)</div>]]>
            </line>
          </reporter-output>
        </test-method> <!-- run_cukes -->
      </class> <!-- uk.co.automatictester.jwebfwk.runners.DownloadFeatureRunner -->
    </test> <!-- Package with subpackages -->
  </suite> <!-- Test runner -->
</testng-results>
